<?xml version="1.0" encoding="UTF-8"?>
<testsuite xmlns:xsi="http://www.w3.org/2001/XMLSchema-instance" xsi:noNamespaceSchemaLocation="https://maven.apache.org/surefire/maven-surefire-plugin/xsd/surefire-test-report-3.0.xsd" version="3.0" name="co.approbe.powwi.LambdaFunctionHandlerTest" time="0.049" tests="1" errors="0" skipped="0" failures="0">
  <properties>
    <property name="sun.desktop" value="windows"/>
    <property name="awt.toolkit" value="sun.awt.windows.WToolkit"/>
    <property name="java.specification.version" value="11"/>
    <property name="sun.cpu.isalist" value="amd64"/>
    <property name="sun.jnu.encoding" value="Cp1252"/>
    <property name="java.class.path" value="C:\Users\tech_\OneDrive\Documentos\backapprobe\backapprobe\co.approbe.powwi\target\test-classes;C:\Users\tech_\OneDrive\Documentos\backapprobe\backapprobe\co.approbe.powwi\target\classes;C:\Users\tech_\.m2\repository\junit\junit\4.12\junit-4.12.jar;C:\Users\tech_\.m2\repository\org\hamcrest\hamcrest-core\1.3\hamcrest-core-1.3.jar;C:\Users\tech_\.m2\repository\com\google\code\gson\gson\2.9.0\gson-2.9.0.jar;C:\Users\tech_\.m2\repository\com\fasterxml\jackson\core\jackson-databind\2.14.1\jackson-databind-2.14.1.jar;C:\Users\tech_\.m2\repository\com\fasterxml\jackson\core\jackson-annotations\2.14.1\jackson-annotations-2.14.1.jar;C:\Users\tech_\.m2\repository\com\fasterxml\jackson\dataformat\jackson-dataformat-cbor\2.14.1\jackson-dataformat-cbor-2.14.1.jar;C:\Users\tech_\.m2\repository\com\fasterxml\jackson\core\jackson-core\2.14.1\jackson-core-2.14.1.jar;C:\Users\tech_\.m2\repository\commons-codec\commons-codec\1.15\commons-codec-1.15.jar;C:\Users\tech_\.m2\repository\com\amazonaws\aws-java-sdk-lambda\1.12.525\aws-java-sdk-lambda-1.12.525.jar;C:\Users\tech_\.m2\repository\com\amazonaws\jmespath-java\1.11.256\jmespath-java-1.11.256.jar;C:\Users\tech_\.m2\repository\com\amazonaws\aws-java-sdk-core\1.12.525\aws-java-sdk-core-1.12.525.jar;C:\Users\tech_\.m2\repository\commons-logging\commons-logging\1.1.3\commons-logging-1.1.3.jar;C:\Users\tech_\.m2\repository\org\apache\httpcomponents\httpclient\4.5.13\httpclient-4.5.13.jar;C:\Users\tech_\.m2\repository\org\apache\httpcomponents\httpcore\4.4.13\httpcore-4.4.13.jar;C:\Users\tech_\.m2\repository\software\amazon\ion\ion-java\1.0.2\ion-java-1.0.2.jar;C:\Users\tech_\.m2\repository\joda-time\joda-time\2.8.1\joda-time-2.8.1.jar;C:\Users\tech_\.m2\repository\com\amazonaws\aws-java-sdk-s3\1.12.261\aws-java-sdk-s3-1.12.261.jar;C:\Users\tech_\.m2\repository\com\amazonaws\aws-java-sdk-kms\1.11.256\aws-java-sdk-kms-1.11.256.jar;C:\Users\tech_\.m2\repository\com\amazonaws\aws-lambda-java-events\1.3.0\aws-lambda-java-events-1.3.0.jar;C:\Users\tech_\.m2\repository\com\amazonaws\aws-java-sdk-sns\1.11.256\aws-java-sdk-sns-1.11.256.jar;C:\Users\tech_\.m2\repository\com\amazonaws\aws-java-sdk-sqs\1.11.256\aws-java-sdk-sqs-1.11.256.jar;C:\Users\tech_\.m2\repository\com\amazonaws\aws-java-sdk-cognitoidentity\1.11.256\aws-java-sdk-cognitoidentity-1.11.256.jar;C:\Users\tech_\.m2\repository\com\amazonaws\aws-java-sdk-kinesis\1.11.256\aws-java-sdk-kinesis-1.11.256.jar;C:\Users\tech_\.m2\repository\com\amazonaws\aws-java-sdk-dynamodb\1.11.256\aws-java-sdk-dynamodb-1.11.256.jar;C:\Users\tech_\.m2\repository\com\amazonaws\aws-lambda-java-core\1.1.0\aws-lambda-java-core-1.1.0.jar;"/>
    <property name="java.vm.vendor" value="Oracle Corporation"/>
    <property name="sun.arch.data.model" value="64"/>
    <property name="user.variant" value=""/>
    <property name="java.vendor.url" value="https://openjdk.java.net/"/>
    <property name="user.timezone" value="America/Bogota"/>
    <property name="user.country.format" value="US"/>
    <property name="java.vm.specification.version" value="11"/>
    <property name="os.name" value="Windows 11"/>
    <property name="sun.java.launcher" value="SUN_STANDARD"/>
    <property name="user.country" value="MX"/>
    <property name="sun.boot.library.path" value="C:\Program Files\Java\jdk-11\bin"/>
    <property name="sun.java.command" value="C:\Users\tech_\AppData\Local\Temp\surefire9756583039169977447\surefirebooter-20250311161750630_3.jar C:\Users\tech_\AppData\Local\Temp\surefire9756583039169977447 2025-03-11T16-17-50_410-jvmRun1 surefire-20250311161750630_1tmp surefire_0-20250311161750630_2tmp"/>
    <property name="jdk.debug" value="release"/>
    <property name="surefire.test.class.path" value="C:\Users\tech_\OneDrive\Documentos\backapprobe\backapprobe\co.approbe.powwi\target\test-classes;C:\Users\tech_\OneDrive\Documentos\backapprobe\backapprobe\co.approbe.powwi\target\classes;C:\Users\tech_\.m2\repository\junit\junit\4.12\junit-4.12.jar;C:\Users\tech_\.m2\repository\org\hamcrest\hamcrest-core\1.3\hamcrest-core-1.3.jar;C:\Users\tech_\.m2\repository\com\google\code\gson\gson\2.9.0\gson-2.9.0.jar;C:\Users\tech_\.m2\repository\com\fasterxml\jackson\core\jackson-databind\2.14.1\jackson-databind-2.14.1.jar;C:\Users\tech_\.m2\repository\com\fasterxml\jackson\core\jackson-annotations\2.14.1\jackson-annotations-2.14.1.jar;C:\Users\tech_\.m2\repository\com\fasterxml\jackson\dataformat\jackson-dataformat-cbor\2.14.1\jackson-dataformat-cbor-2.14.1.jar;C:\Users\tech_\.m2\repository\com\fasterxml\jackson\core\jackson-core\2.14.1\jackson-core-2.14.1.jar;C:\Users\tech_\.m2\repository\commons-codec\commons-codec\1.15\commons-codec-1.15.jar;C:\Users\tech_\.m2\repository\com\amazonaws\aws-java-sdk-lambda\1.12.525\aws-java-sdk-lambda-1.12.525.jar;C:\Users\tech_\.m2\repository\com\amazonaws\jmespath-java\1.11.256\jmespath-java-1.11.256.jar;C:\Users\tech_\.m2\repository\com\amazonaws\aws-java-sdk-core\1.12.525\aws-java-sdk-core-1.12.525.jar;C:\Users\tech_\.m2\repository\commons-logging\commons-logging\1.1.3\commons-logging-1.1.3.jar;C:\Users\tech_\.m2\repository\org\apache\httpcomponents\httpclient\4.5.13\httpclient-4.5.13.jar;C:\Users\tech_\.m2\repository\org\apache\httpcomponents\httpcore\4.4.13\httpcore-4.4.13.jar;C:\Users\tech_\.m2\repository\software\amazon\ion\ion-java\1.0.2\ion-java-1.0.2.jar;C:\Users\tech_\.m2\repository\joda-time\joda-time\2.8.1\joda-time-2.8.1.jar;C:\Users\tech_\.m2\repository\com\amazonaws\aws-java-sdk-s3\1.12.261\aws-java-sdk-s3-1.12.261.jar;C:\Users\tech_\.m2\repository\com\amazonaws\aws-java-sdk-kms\1.11.256\aws-java-sdk-kms-1.11.256.jar;C:\Users\tech_\.m2\repository\com\amazonaws\aws-lambda-java-events\1.3.0\aws-lambda-java-events-1.3.0.jar;C:\Users\tech_\.m2\repository\com\amazonaws\aws-java-sdk-sns\1.11.256\aws-java-sdk-sns-1.11.256.jar;C:\Users\tech_\.m2\repository\com\amazonaws\aws-java-sdk-sqs\1.11.256\aws-java-sdk-sqs-1.11.256.jar;C:\Users\tech_\.m2\repository\com\amazonaws\aws-java-sdk-cognitoidentity\1.11.256\aws-java-sdk-cognitoidentity-1.11.256.jar;C:\Users\tech_\.m2\repository\com\amazonaws\aws-java-sdk-kinesis\1.11.256\aws-java-sdk-kinesis-1.11.256.jar;C:\Users\tech_\.m2\repository\com\amazonaws\aws-java-sdk-dynamodb\1.11.256\aws-java-sdk-dynamodb-1.11.256.jar;C:\Users\tech_\.m2\repository\com\amazonaws\aws-lambda-java-core\1.1.0\aws-lambda-java-core-1.1.0.jar;"/>
    <property name="sun.cpu.endian" value="little"/>
    <property name="user.home" value="C:\Users\tech_"/>
    <property name="user.language" value="es"/>
    <property name="java.specification.vendor" value="Oracle Corporation"/>
    <property name="java.version.date" value="2023-10-17"/>
    <property name="java.home" value="C:\Program Files\Java\jdk-11"/>
    <property name="file.separator" value="\"/>
    <property name="style.color" value="always"/>
    <property name="basedir" value="C:\Users\tech_\OneDrive\Documentos\backapprobe\backapprobe\co.approbe.powwi"/>
    <property name="java.vm.compressedOopsMode" value="Zero based"/>
    <property name="line.separator" value="&#10;"/>
    <property name="java.specification.name" value="Java Platform API Specification"/>
    <property name="java.vm.specification.vendor" value="Oracle Corporation"/>
    <property name="java.awt.graphicsenv" value="sun.awt.Win32GraphicsEnvironment"/>
    <property name="surefire.real.class.path" value="C:\Users\tech_\AppData\Local\Temp\surefire9756583039169977447\surefirebooter-20250311161750630_3.jar"/>
    <property name="user.script" value=""/>
    <property name="sun.management.compiler" value="HotSpot 64-Bit Tiered Compilers"/>
    <property name="java.runtime.version" value="11.0.21+9-LTS-193"/>
    <property name="user.name" value="tech_"/>
    <property name="path.separator" value=";"/>
    <property name="os.version" value="10.0"/>
    <property name="java.runtime.name" value="Java(TM) SE Runtime Environment"/>
    <property name="file.encoding" value="Cp1252"/>
    <property name="java.vm.name" value="Java HotSpot(TM) 64-Bit Server VM"/>
    <property name="java.vendor.version" value="18.9"/>
    <property name="localRepository" value="C:\Users\tech_\.m2\repository"/>
    <property name="java.vendor.url.bug" value="https://bugreport.java.com/bugreport/"/>
    <property name="java.io.tmpdir" value="C:\Users\tech_\AppData\Local\Temp\"/>
    <property name="java.version" value="11.0.21"/>
    <property name="user.dir" value="C:\Users\tech_\OneDrive\Documentos\backapprobe\backapprobe\co.approbe.powwi"/>
    <property name="os.arch" value="amd64"/>
    <property name="java.vm.specification.name" value="Java Virtual Machine Specification"/>
    <property name="java.awt.printerjob" value="sun.awt.windows.WPrinterJob"/>
    <property name="user.language.format" value="en"/>
    <property name="sun.os.patch.level" value=""/>
    <property name="java.library.path" value="C:\Program Files\Java\jdk-11\bin;C:\WINDOWS\Sun\Java\bin;C:\WINDOWS\system32;C:\WINDOWS;C:/Users/tech_/.p2/pool/plugins/org.eclipse.justj.openjdk.hotspot.jre.full.win32.x86_64_21.0.2.v20240123-0840/jre/bin/server;C:/Users/tech_/.p2/pool/plugins/org.eclipse.justj.openjdk.hotspot.jre.full.win32.x86_64_21.0.2.v20240123-0840/jre/bin;C:\Program Files\Common Files\Oracle\Java\javapath;C:\Program Files (x86)\Common Files\Oracle\Java\javapath;C:\WINDOWS\system32;C:\WINDOWS;C:\WINDOWS\System32\Wbem;C:\WINDOWS\System32\WindowsPowerShell\v1.0\;C:\WINDOWS\System32\OpenSSH\;C:\Program Files\Docker\Docker\resources\bin;C:\Program Files (x86)\Google\Cloud SDK\google-cloud-sdk\bin;C:\apache-maven-3.9.6-bin\apache-maven-3.9.6\bin;C:\Users\tech_\AppData\Local\Programs\Git\cmd;C:\Users\tech_\AppData\Local\Programs\Microsoft VS Code\bin;C:\Program Files\Java\jdk1.8.0_202\bin;;%USERPROFILE%\AppData\Local\Microsoft\WindowsApps;C:\WINDOWS\system32;;."/>
    <property name="java.vendor" value="Oracle Corporation"/>
    <property name="java.vm.info" value="mixed mode"/>
    <property name="java.vm.version" value="11.0.21+9-LTS-193"/>
    <property name="java.specification.maintenance.version" value="2"/>
    <property name="sun.io.unicode.encoding" value="UnicodeLittle"/>
    <property name="java.class.version" value="55.0"/>
  </properties>
  <testcase name="testLambdaFunctionHandler" classname="co.approbe.powwi.LambdaFunctionHandlerTest" time="0.003"/>
</testsuite>